Compiling the C compiler identification source file "CMakeCCompilerId.c" failed.
Compiler: /usr/bin/cc 
Build flags: 
Id flags:  

The output was:
Child aborted
Cannot create temporary file in /var/tmp/: Read-only file system


Compiling the C compiler identification source file "CMakeCCompilerId.c" failed.
Compiler: /usr/bin/cc 
Build flags: 
Id flags: -c 

The output was:
Child aborted
Cannot create temporary file in /var/tmp/: Read-only file system


Compiling the C compiler identification source file "CMakeCCompilerId.c" failed.
Compiler: /usr/bin/cc 
Build flags: 
Id flags: -Aa 

The output was:
Child aborted
Cannot create temporary file in /var/tmp/: Read-only file system


Compiling the C compiler identification source file "CMakeCCompilerId.c" failed.
Compiler: /usr/bin/cc 
Build flags: 
Id flags: -D__CLASSIC_C__ 

The output was:
Child aborted
Cannot create temporary file in /var/tmp/: Read-only file system


Compiling the C compiler identification source file "CMakeCCompilerId.c" failed.
Compiler: /usr/bin/cc 
Build flags: 
Id flags: --target=arm-arm-none-eabi;-mcpu=cortex-m3 

The output was:
1
cc: error: unrecognized command line option '--target=arm-arm-none-eabi'


Compiling the C compiler identification source file "CMakeCCompilerId.c" failed.
Compiler: /usr/bin/cc 
Build flags: 
Id flags:  

The output was:
Child aborted
Cannot create temporary file in /var/tmp/: Read-only file system


Compiling the C compiler identification source file "CMakeCCompilerId.c" failed.
Compiler: /usr/bin/cc 
Build flags: 
Id flags: -c 

The output was:
Child aborted
Cannot create temporary file in /var/tmp/: Read-only file system


Compiling the C compiler identification source file "CMakeCCompilerId.c" failed.
Compiler: /usr/bin/cc 
Build flags: 
Id flags: -Aa 

The output was:
Child aborted
Cannot create temporary file in /var/tmp/: Read-only file system


Compiling the C compiler identification source file "CMakeCCompilerId.c" failed.
Compiler: /usr/bin/cc 
Build flags: 
Id flags: -D__CLASSIC_C__ 

The output was:
Child aborted
Cannot create temporary file in /var/tmp/: Read-only file system


Compiling the C compiler identification source file "CMakeCCompilerId.c" failed.
Compiler: /usr/bin/cc 
Build flags: 
Id flags: --target=arm-arm-none-eabi;-mcpu=cortex-m3 

The output was:
1
cc: error: unrecognized command line option '--target=arm-arm-none-eabi'


Checking whether the C compiler is IAR using "" did not match "IAR .+ Compiler":
cc: fatal error: no input files
compilation terminated.
Checking whether the C compiler is IAR using "" did not match "IAR .+ Compiler":
cc: fatal error: no input files
compilation terminated.
Compiling the CXX compiler identification source file "CMakeCXXCompilerId.cpp" failed.
Compiler: /usr/bin/c++ 
Build flags: 
Id flags:  

The output was:
Child aborted
Cannot create temporary file in /var/tmp/: Read-only file system


Compiling the CXX compiler identification source file "CMakeCXXCompilerId.cpp" failed.
Compiler: /usr/bin/c++ 
Build flags: 
Id flags: -c 

The output was:
Child aborted
Cannot create temporary file in /var/tmp/: Read-only file system


Compiling the CXX compiler identification source file "CMakeCXXCompilerId.cpp" failed.
Compiler: /usr/bin/c++ 
Build flags: 
Id flags: --c++ 

The output was:
1
c++: error: unrecognized command line option '--c++'


Compiling the CXX compiler identification source file "CMakeCXXCompilerId.cpp" failed.
Compiler: /usr/bin/c++ 
Build flags: 
Id flags: --ec++ 

The output was:
1
c++: error: unrecognized command line option '--ec++'; did you mean '-Weffc++'?


Compiling the CXX compiler identification source file "CMakeCXXCompilerId.cpp" failed.
Compiler: /usr/bin/c++ 
Build flags: 
Id flags: --target=arm-arm-none-eabi;-mcpu=cortex-m3 

The output was:
1
c++: error: unrecognized command line option '--target=arm-arm-none-eabi'


Compiling the CXX compiler identification source file "CMakeCXXCompilerId.cpp" failed.
Compiler: /usr/bin/c++ 
Build flags: 
Id flags:  

The output was:
Child aborted
Cannot create temporary file in /var/tmp/: Read-only file system


Compiling the CXX compiler identification source file "CMakeCXXCompilerId.cpp" failed.
Compiler: /usr/bin/c++ 
Build flags: 
Id flags: -c 

The output was:
Child aborted
Cannot create temporary file in /var/tmp/: Read-only file system


Compiling the CXX compiler identification source file "CMakeCXXCompilerId.cpp" failed.
Compiler: /usr/bin/c++ 
Build flags: 
Id flags: --c++ 

The output was:
1
c++: error: unrecognized command line option '--c++'


Compiling the CXX compiler identification source file "CMakeCXXCompilerId.cpp" failed.
Compiler: /usr/bin/c++ 
Build flags: 
Id flags: --ec++ 

The output was:
1
c++: error: unrecognized command line option '--ec++'; did you mean '-Weffc++'?


Compiling the CXX compiler identification source file "CMakeCXXCompilerId.cpp" failed.
Compiler: /usr/bin/c++ 
Build flags: 
Id flags: --target=arm-arm-none-eabi;-mcpu=cortex-m3 

The output was:
1
c++: error: unrecognized command line option '--target=arm-arm-none-eabi'


Checking whether the CXX compiler is IAR using "" did not match "IAR .+ Compiler":
c++: fatal error: no input files
compilation terminated.
Checking whether the CXX compiler is IAR using "" did not match "IAR .+ Compiler":
c++: fatal error: no input files
compilation terminated.
Determining if the C compiler works failed with the following output:
Change Dir: /work/Homework/hw4/hw4_tests/CMakeFiles/CMakeTmp

Run Build Command(s):/usr/bin/make cmTC_00422/fast && /usr/bin/make -f CMakeFiles/cmTC_00422.dir/build.make CMakeFiles/cmTC_00422.dir/build
make[1]: Entering directory '/work/Homework/hw4/hw4_tests/CMakeFiles/CMakeTmp'
Building C object CMakeFiles/cmTC_00422.dir/testCCompiler.c.o
/usr/bin/cc    -o CMakeFiles/cmTC_00422.dir/testCCompiler.c.o   -c /work/Homework/hw4/hw4_tests/CMakeFiles/CMakeTmp/testCCompiler.c
Cannot create temporary file in /var/tmp/: Read-only file system
make[1]: *** [CMakeFiles/cmTC_00422.dir/build.make:66: CMakeFiles/cmTC_00422.dir/testCCompiler.c.o] Aborted
make[1]: Leaving directory '/work/Homework/hw4/hw4_tests/CMakeFiles/CMakeTmp'
make: *** [Makefile:121: cmTC_00422/fast] Error 2



Performing C SOURCE FILE Test CMAKE_HAVE_LIBC_PTHREAD failed with the following output:
Change Dir: /work/Homework/hw4/hw4_tests/CMakeFiles/CMakeTmp

Run Build Command(s):/usr/bin/make cmTC_59969/fast && /usr/bin/make -f CMakeFiles/cmTC_59969.dir/build.make CMakeFiles/cmTC_59969.dir/build
make[1]: Entering directory '/work/Homework/hw4/hw4_tests/CMakeFiles/CMakeTmp'
Building C object CMakeFiles/cmTC_59969.dir/src.c.o
/usr/bin/cc   -DCMAKE_HAVE_LIBC_PTHREAD   -o CMakeFiles/cmTC_59969.dir/src.c.o   -c /work/Homework/hw4/hw4_tests/CMakeFiles/CMakeTmp/src.c
Linking C executable cmTC_59969
/usr/bin/cmake -E cmake_link_script CMakeFiles/cmTC_59969.dir/link.txt --verbose=1
/usr/bin/cc  -DCMAKE_HAVE_LIBC_PTHREAD    CMakeFiles/cmTC_59969.dir/src.c.o  -o cmTC_59969 
/usr/bin/ld: CMakeFiles/cmTC_59969.dir/src.c.o: in function `main':
src.c:(.text+0x48): undefined reference to `pthread_create'
/usr/bin/ld: src.c:(.text+0x50): undefined reference to `pthread_detach'
/usr/bin/ld: src.c:(.text+0x5c): undefined reference to `pthread_join'
collect2: error: ld returned 1 exit status
make[1]: *** [CMakeFiles/cmTC_59969.dir/build.make:87: cmTC_59969] Error 1
make[1]: Leaving directory '/work/Homework/hw4/hw4_tests/CMakeFiles/CMakeTmp'
make: *** [Makefile:121: cmTC_59969/fast] Error 2


Source file was:
#include <pthread.h>

void* test_func(void* data)
{
  return data;
}

int main(void)
{
  pthread_t thread;
  pthread_create(&thread, NULL, test_func, NULL);
  pthread_detach(thread);
  pthread_join(thread, NULL);
  pthread_atfork(NULL, NULL, NULL);
  pthread_exit(NULL);

  return 0;
}

Determining if the function pthread_create exists in the pthreads failed with the following output:
Change Dir: /work/Homework/hw4/hw4_tests/CMakeFiles/CMakeTmp

Run Build Command(s):/usr/bin/make cmTC_57e8a/fast && /usr/bin/make -f CMakeFiles/cmTC_57e8a.dir/build.make CMakeFiles/cmTC_57e8a.dir/build
make[1]: Entering directory '/work/Homework/hw4/hw4_tests/CMakeFiles/CMakeTmp'
Building C object CMakeFiles/cmTC_57e8a.dir/CheckFunctionExists.c.o
/usr/bin/cc   -DCHECK_FUNCTION_EXISTS=pthread_create   -o CMakeFiles/cmTC_57e8a.dir/CheckFunctionExists.c.o   -c /usr/share/cmake-3.16/Modules/CheckFunctionExists.c
Linking C executable cmTC_57e8a
/usr/bin/cmake -E cmake_link_script CMakeFiles/cmTC_57e8a.dir/link.txt --verbose=1
/usr/bin/cc  -DCHECK_FUNCTION_EXISTS=pthread_create    CMakeFiles/cmTC_57e8a.dir/CheckFunctionExists.c.o  -o cmTC_57e8a  -lpthreads 
/usr/bin/ld: cannot find -lpthreads
collect2: error: ld returned 1 exit status
make[1]: *** [CMakeFiles/cmTC_57e8a.dir/build.make:87: cmTC_57e8a] Error 1
make[1]: Leaving directory '/work/Homework/hw4/hw4_tests/CMakeFiles/CMakeTmp'
make: *** [Makefile:121: cmTC_57e8a/fast] Error 2



Checking whether C++ compiler has '__int64' failed to compile with the following output:
Change Dir: /work/Homework/hw4/hw4_tests/testing_utils/kwsys/CMakeFiles/CMakeTmp

Run Build Command(s):/usr/bin/make cmTC_48770/fast && /usr/bin/make -f CMakeFiles/cmTC_48770.dir/build.make CMakeFiles/cmTC_48770.dir/build
make[1]: Entering directory '/work/Homework/hw4/hw4_tests/testing_utils/kwsys/CMakeFiles/CMakeTmp'
Building CXX object CMakeFiles/cmTC_48770.dir/kwsysPlatformTestsCXX.cxx.o
/usr/bin/c++  -DTEST_KWSYS_CXX_HAS___INT64  -Wall    -o CMakeFiles/cmTC_48770.dir/kwsysPlatformTestsCXX.cxx.o -c /work/Homework/hw4/hw4_tests/testing_utils/kwsys/kwsysPlatformTestsCXX.cxx
/work/Homework/hw4/hw4_tests/testing_utils/kwsys/kwsysPlatformTestsCXX.cxx:24:1: error: '__int64' does not name a type
   24 | __int64 f(__int64 n)
      | ^~~~~~~
/work/Homework/hw4/hw4_tests/testing_utils/kwsys/kwsysPlatformTestsCXX.cxx: In function 'int main()':
/work/Homework/hw4/hw4_tests/testing_utils/kwsys/kwsysPlatformTestsCXX.cxx:30:3: error: '__int64' was not declared in this scope
   30 |   __int64 n = 0;
      |   ^~~~~~~
/work/Homework/hw4/hw4_tests/testing_utils/kwsys/kwsysPlatformTestsCXX.cxx:31:29: error: 'n' was not declared in this scope
   31 |   return static_cast<int>(f(n));
      |                             ^
/work/Homework/hw4/hw4_tests/testing_utils/kwsys/kwsysPlatformTestsCXX.cxx:31:27: error: 'f' was not declared in this scope
   31 |   return static_cast<int>(f(n));
      |                           ^
make[1]: *** [CMakeFiles/cmTC_48770.dir/build.make:66: CMakeFiles/cmTC_48770.dir/kwsysPlatformTestsCXX.cxx.o] Error 1
make[1]: Leaving directory '/work/Homework/hw4/hw4_tests/testing_utils/kwsys/CMakeFiles/CMakeTmp'
make: *** [Makefile:121: cmTC_48770/fast] Error 2



Checking whether CXX compiler has environ in stdlib.h failed to compile with the following output:
Change Dir: /work/Homework/hw4/hw4_tests/testing_utils/kwsys/CMakeFiles/CMakeTmp

Run Build Command(s):/usr/bin/make cmTC_ccb2c/fast && /usr/bin/make -f CMakeFiles/cmTC_ccb2c.dir/build.make CMakeFiles/cmTC_ccb2c.dir/build
make[1]: Entering directory '/work/Homework/hw4/hw4_tests/testing_utils/kwsys/CMakeFiles/CMakeTmp'
Building CXX object CMakeFiles/cmTC_ccb2c.dir/kwsysPlatformTestsCXX.cxx.o
/usr/bin/c++  -DTEST_KWSYS_CXX_HAS_ENVIRON_IN_STDLIB_H  -Wall    -o CMakeFiles/cmTC_ccb2c.dir/kwsysPlatformTestsCXX.cxx.o -c /work/Homework/hw4/hw4_tests/testing_utils/kwsys/kwsysPlatformTestsCXX.cxx
/work/Homework/hw4/hw4_tests/testing_utils/kwsys/kwsysPlatformTestsCXX.cxx: In function 'int main()':
/work/Homework/hw4/hw4_tests/testing_utils/kwsys/kwsysPlatformTestsCXX.cxx:196:13: error: 'environ' was not declared in this scope; did you mean 'union'?
  196 |   char* e = environ[0];
      |             ^~~~~~~
      |             union
make[1]: *** [CMakeFiles/cmTC_ccb2c.dir/build.make:66: CMakeFiles/cmTC_ccb2c.dir/kwsysPlatformTestsCXX.cxx.o] Error 1
make[1]: Leaving directory '/work/Homework/hw4/hw4_tests/testing_utils/kwsys/CMakeFiles/CMakeTmp'
make: *** [Makefile:121: cmTC_ccb2c/fast] Error 2



Checking whether CXX compiler struct stat has st_mtimespec member failed to compile with the following output:
Change Dir: /work/Homework/hw4/hw4_tests/testing_utils/kwsys/CMakeFiles/CMakeTmp

Run Build Command(s):/usr/bin/make cmTC_156cb/fast && /usr/bin/make -f CMakeFiles/cmTC_156cb.dir/build.make CMakeFiles/cmTC_156cb.dir/build
make[1]: Entering directory '/work/Homework/hw4/hw4_tests/testing_utils/kwsys/CMakeFiles/CMakeTmp'
Building CXX object CMakeFiles/cmTC_156cb.dir/kwsysPlatformTestsCXX.cxx.o
/usr/bin/c++  -DTEST_KWSYS_CXX_STAT_HAS_ST_MTIMESPEC  -Wall    -o CMakeFiles/cmTC_156cb.dir/kwsysPlatformTestsCXX.cxx.o -c /work/Homework/hw4/hw4_tests/testing_utils/kwsys/kwsysPlatformTestsCXX.cxx
/work/Homework/hw4/hw4_tests/testing_utils/kwsys/kwsysPlatformTestsCXX.cxx: In function 'int main()':
/work/Homework/hw4/hw4_tests/testing_utils/kwsys/kwsysPlatformTestsCXX.cxx:57:15: error: 'struct stat' has no member named 'st_mtimespec'
   57 |   (void)stat1.st_mtimespec.tv_sec;
      |               ^~~~~~~~~~~~
/work/Homework/hw4/hw4_tests/testing_utils/kwsys/kwsysPlatformTestsCXX.cxx:58:15: error: 'struct stat' has no member named 'st_mtimespec'
   58 |   (void)stat1.st_mtimespec.tv_nsec;
      |               ^~~~~~~~~~~~
make[1]: *** [CMakeFiles/cmTC_156cb.dir/build.make:66: CMakeFiles/cmTC_156cb.dir/kwsysPlatformTestsCXX.cxx.o] Error 1
make[1]: Leaving directory '/work/Homework/hw4/hw4_tests/testing_utils/kwsys/CMakeFiles/CMakeTmp'
make: *** [Makefile:121: cmTC_156cb/fast] Error 2



